<?xml version="1.0" encoding="UTF-8"?>
<!-- Generated by org.testng.reporters.JUnitXMLReporter -->
<testsuite ignored="0" hostname="Prathapreddy" failures="0" tests="2" name="Test" time="18.267" errors="0" timestamp="2023-04-15T13:10:06 IST">
  <testcase classname="vTiger.Genericutilities.Baseclass" name="@BeforeClass beconfig" time="18.131">
    <failure type="org.openqa.selenium.remote.http.ConnectionFailedException" message="Unable to establish websocket connection to http://localhost:50737/devtools/browser/1ac715b2-053d-4c9b-aa65-78bbd30e4ade
Build info: version: &amp;apos;4.4.0&amp;apos;, revision: &amp;apos;e5c75ed026a&amp;apos;
System info: host: &amp;apos;PRATHAPREDDY&amp;apos;, ip: &amp;apos;192.168.58.1&amp;apos;, os.name: &amp;apos;Windows 10&amp;apos;, os.arch: &amp;apos;amd64&amp;apos;, os.version: &amp;apos;10.0&amp;apos;, java.version: &amp;apos;17.0.6&amp;apos;
Driver info: driver.version: EdgeDriver">
      <![CDATA[org.openqa.selenium.remote.http.ConnectionFailedException: Unable to establish websocket connection to http://localhost:50737/devtools/browser/1ac715b2-053d-4c9b-aa65-78bbd30e4ade
Build info: version: '4.4.0', revision: 'e5c75ed026a'
System info: host: 'PRATHAPREDDY', ip: '192.168.58.1', os.name: 'Windows 10', os.arch: 'amd64', os.version: '10.0', java.version: '17.0.6'
Driver info: driver.version: EdgeDriver
at org.openqa.selenium.remote.http.netty.NettyWebSocket.<init>(NettyWebSocket.java:102)
at org.openqa.selenium.remote.http.netty.NettyWebSocket.lambda$create$3(NettyWebSocket.java:128)
at org.openqa.selenium.remote.http.netty.NettyClient.openSocket(NettyClient.java:106)
at org.openqa.selenium.devtools.Connection.<init>(Connection.java:77)
at org.openqa.selenium.chromium.ChromiumDriver.lambda$new$2(ChromiumDriver.java:116)
at java.base/java.util.Optional.map(Optional.java:260)
at org.openqa.selenium.chromium.ChromiumDriver.<init>(ChromiumDriver.java:114)
at org.openqa.selenium.edge.EdgeDriver.<init>(EdgeDriver.java:54)
at org.openqa.selenium.edge.EdgeDriver.<init>(EdgeDriver.java:46)
at org.openqa.selenium.edge.EdgeDriver.<init>(EdgeDriver.java:42)
at vTiger.Genericutilities.Baseclass.beconfig(Baseclass.java:65)
at java.base/java.util.ArrayList.forEach(ArrayList.java:1511)
at java.base/java.util.concurrent.FutureTask.run(FutureTask.java:264)
at java.base/java.util.concurrent.ThreadPoolExecutor.runWorker(ThreadPoolExecutor.java:1136)
at java.base/java.util.concurrent.ThreadPoolExecutor$Worker.run(ThreadPoolExecutor.java:635)
at java.base/java.lang.Thread.run(Thread.java:833)
... Removed 16 stack frames]]>
    </failure>
  </testcase> <!-- @BeforeClass beconfig -->
  <testcase classname="vTiger.Genericutilities.Baseclass" name="@BeforeMethod bmconfig" time="-1.6815444062E9">
    <skipped/>
  </testcase> <!-- @BeforeMethod bmconfig -->
  <testcase classname="vTiger.Genericutilities.Baseclass" name="@AfterMethod amconfig" time="-1.68154440624E9">
    <skipped/>
  </testcase> <!-- @AfterMethod amconfig -->
  <testcase classname="vTiger.Genericutilities.Baseclass" name="@BeforeMethod bmconfig" time="-1.681544406248E9">
    <skipped/>
  </testcase> <!-- @BeforeMethod bmconfig -->
  <testcase classname="vTiger.Genericutilities.Baseclass" name="@AfterMethod amconfig" time="-1.68154440626E9">
    <skipped/>
  </testcase> <!-- @AfterMethod amconfig -->
  <testcase classname="vTiger.Genericutilities.Baseclass" name="@AfterClass accong" time="-1.681544406264E9">
    <skipped/>
  </testcase> <!-- @AfterClass accong -->
  <testcase classname="vTiger.OrganizationTest.Createorganizationtest" name="createorganizationTest_001" time="0.0">
    <skipped/>
  </testcase> <!-- createorganizationTest_001 -->
  <testcase classname="vTiger.OrganizationTest.Createorganizationtest" name="dempscript" time="0.0">
    <skipped/>
  </testcase> <!-- dempscript -->
</testsuite> <!-- Test -->
